Build started 4/22/2016 2:32:37 PM.
     1>Project "E:\.00 My Stuff\.CS 2420 - Algorithms and Data Structures\HashTable_C\HashTable\HashTable.vcxproj" on node 2 (Build target(s)).
     1>ClCompile:
         C:\Program Files (x86)\Microsoft Visual Studio 14.0\VC\bin\CL.exe /c /ZI /nologo /W3 /WX- /sdl /Od /Oy- /D _MBCS /Gm /EHsc /RTC1 /MDd /GS /fp:precise /Zc:wchar_t /Zc:forScope /Zc:inline /Fo"Debug\\" /Fd"Debug\vc140.pdb" /Gd /TP /analyze- /errorReport:prompt Driver.cpp HashTable.cpp List.cpp
         List.cpp
         HashTable.cpp
     1>e:\.00 my stuff\.cs 2420 - algorithms and data structures\hashtable_c\hashtable\hashtable.cpp(97): warning C4018: '<': signed/unsigned mismatch
         Driver.cpp
     1>e:\.00 my stuff\.cs 2420 - algorithms and data structures\hashtable_c\hashtable\driver.cpp(354): warning C4018: '<': signed/unsigned mismatch
     1>e:\.00 my stuff\.cs 2420 - algorithms and data structures\hashtable_c\hashtable\driver.cpp(407): warning C4018: '<': signed/unsigned mismatch
         Generating Code...
     1>e:\.00 my stuff\.cs 2420 - algorithms and data structures\hashtable_c\hashtable\list.cpp(192): warning C4715: 'list::List::find_helper': not all control paths return a value
       Link:
         C:\Program Files (x86)\Microsoft Visual Studio 14.0\VC\bin\link.exe /ERRORREPORT:PROMPT /OUT:"E:\.00 My Stuff\.CS 2420 - Algorithms and Data Structures\HashTable_C\Debug\HashTable.exe" /INCREMENTAL /NOLOGO kernel32.lib user32.lib gdi32.lib winspool.lib comdlg32.lib advapi32.lib shell32.lib ole32.lib oleaut32.lib uuid.lib odbc32.lib odbccp32.lib /MANIFEST /MANIFESTUAC:"level='asInvoker' uiAccess='false'" /manifest:embed /Debug /PDB:"E:\.00 My Stuff\.CS 2420 - Algorithms and Data Structures\HashTable_C\Debug\HashTable.pdb" /TLBID:1 /DYNAMICBASE /NXCOMPAT /IMPLIB:"E:\.00 My Stuff\.CS 2420 - Algorithms and Data Structures\HashTable_C\Debug\HashTable.lib" /MACHINE:X86 Debug\Driver.obj
         Debug\HashTable.obj
         Debug\List.obj
         HashTable.vcxproj -> E:\.00 My Stuff\.CS 2420 - Algorithms and Data Structures\HashTable_C\Debug\HashTable.exe
     1>Done Building Project "E:\.00 My Stuff\.CS 2420 - Algorithms and Data Structures\HashTable_C\HashTable\HashTable.vcxproj" (Build target(s)).

Build succeeded.

Time Elapsed 00:00:09.82
